{"/home/grooby/Projects/docme-sdk/src/constants.ts": {"path":"/home/grooby/Projects/docme-sdk/src/constants.ts","statementMap":{"0":{"start":{"line":1,"column":13},"end":{"line":1,"column":61}},"1":{"start":{"line":2,"column":13},"end":{"line":2,"column":67}},"2":{"start":{"line":4,"column":13},"end":{"line":4,"column":53}},"3":{"start":{"line":7,"column":13},"end":{"line":7,"column":37}}},"fnMap":{},"branchMap":{},"s":{"0":5,"1":5,"2":5,"3":5},"f":{},"b":{}}
,"/home/grooby/Projects/docme-sdk/src/index.ts": {"path":"/home/grooby/Projects/docme-sdk/src/index.ts","statementMap":{"0":{"start":{"line":1,"column":0},"end":{"line":1,"column":44}},"1":{"start":{"line":2,"column":0},"end":{"line":2,"column":9}},"2":{"start":{"line":2,"column":9},"end":{"line":2,"column":70}},"3":{"start":{"line":10,"column":2},"end":{"line":12,"column":null}},"4":{"start":{"line":11,"column":4},"end":{"line":11,"column":54}},"5":{"start":{"line":13,"column":2},"end":{"line":15,"column":null}},"6":{"start":{"line":14,"column":4},"end":{"line":14,"column":19}},"7":{"start":{"line":16,"column":2},"end":{"line":16,"column":14}},"8":{"start":{"line":9,"column":0},"end":{"line":9,"column":24}}},"fnMap":{"0":{"name":"(anonymous_0)","decl":{"start":{"line":2,"column":9},"end":{"line":2,"column":29}},"loc":{"start":{"line":2,"column":9},"end":{"line":2,"column":70}}},"1":{"name":"default_1","decl":{"start":{"line":9,"column":0},"end":{"line":9,"column":24}},"loc":{"start":{"line":9,"column":34},"end":{"line":17,"column":1}}}},"branchMap":{"0":{"loc":{"start":{"line":10,"column":2},"end":{"line":12,"column":null}},"type":"if","locations":[{"start":{"line":10,"column":2},"end":{"line":12,"column":null}}]},"1":{"loc":{"start":{"line":13,"column":2},"end":{"line":15,"column":null}},"type":"if","locations":[{"start":{"line":13,"column":2},"end":{"line":15,"column":null}}]}},"s":{"0":1,"1":1,"2":2,"3":4,"4":1,"5":3,"6":2,"7":1,"8":1},"f":{"0":1,"1":4},"b":{"0":[1],"1":[2]}}
,"/home/grooby/Projects/docme-sdk/src/@types/DocMeV1.d.ts": {"path":"/home/grooby/Projects/docme-sdk/src/@types/DocMeV1.d.ts","statementMap":{},"fnMap":{},"branchMap":{},"s":{},"f":{},"b":{},"inputSourceMap":null}
,"/home/grooby/Projects/docme-sdk/src/classes/DocMeLiveMeasurement.ts": {"path":"/home/grooby/Projects/docme-sdk/src/classes/DocMeLiveMeasurement.ts","statementMap":{"0":{"start":{"line":1,"column":0},"end":{"line":1,"column":34}},"1":{"start":{"line":2,"column":0},"end":{"line":2,"column":49}},"2":{"start":{"line":4,"column":0},"end":{"line":4,"column":13}},"3":{"start":{"line":30,"column":2},"end":{"line":30,"column":14}},"4":{"start":{"line":14,"column":10},"end":{"line":23,"column":4}},"5":{"start":{"line":15,"column":4},"end":{"line":17,"column":7}},"6":{"start":{"line":16,"column":6},"end":{"line":16,"column":53}},"7":{"start":{"line":19,"column":4},"end":{"line":22,"column":7}},"8":{"start":{"line":20,"column":6},"end":{"line":20,"column":32}},"9":{"start":{"line":21,"column":6},"end":{"line":21,"column":59}},"10":{"start":{"line":21,"column":32},"end":{"line":21,"column":59}},"11":{"start":{"line":25,"column":9},"end":{"line":28,"column":4}},"12":{"start":{"line":26,"column":4},"end":{"line":26,"column":29}},"13":{"start":{"line":27,"column":4},"end":{"line":27,"column":30}},"14":{"start":{"line":31,"column":4},"end":{"line":31,"column":23}},"15":{"start":{"line":32,"column":4},"end":{"line":32,"column":23}},"16":{"start":{"line":34,"column":4},"end":{"line":36,"column":7}},"17":{"start":{"line":38,"column":4},"end":{"line":38,"column":31}},"18":{"start":{"line":40,"column":4},"end":{"line":43,"column":7}},"19":{"start":{"line":45,"column":4},"end":{"line":45,"column":35}},"20":{"start":{"line":47,"column":4},"end":{"line":51,"column":6}},"21":{"start":{"line":47,"column":48},"end":{"line":47,"column":50}},"22":{"start":{"line":48,"column":6},"end":{"line":50,"column":null}},"23":{"start":{"line":49,"column":8},"end":{"line":49,"column":40}},"24":{"start":{"line":53,"column":0},"end":{"line":53,"column":null}},"25":{"start":{"line":4,"column":13},"end":{"line":4,"column":33}}},"fnMap":{"0":{"name":"(anonymous_0)","decl":{"start":{"line":4,"column":0},"end":{"line":4,"column":13}},"loc":{"start":{"line":4,"column":0},"end":{"line":53,"column":null}}},"1":{"name":"DocMeLiveMeasurement","decl":{"start":{"line":30,"column":2},"end":{"line":30,"column":14}},"loc":{"start":{"line":30,"column":77},"end":{"line":52,"column":3}}},"2":{"name":"(anonymous_2)","decl":{"start":{"line":14,"column":32},"end":{"line":14,"column":null}},"loc":{"start":{"line":14,"column":32},"end":{"line":23,"column":3}}},"3":{"name":"(anonymous_3)","decl":{"start":{"line":15,"column":30},"end":{"line":15,"column":null}},"loc":{"start":{"line":15,"column":30},"end":{"line":17,"column":5}}},"4":{"name":"(anonymous_4)","decl":{"start":{"line":19,"column":29},"end":{"line":19,"column":33}},"loc":{"start":{"line":19,"column":33},"end":{"line":22,"column":5}}},"5":{"name":"(anonymous_5)","decl":{"start":{"line":25,"column":15},"end":{"line":25,"column":null}},"loc":{"start":{"line":25,"column":15},"end":{"line":28,"column":3}}},"6":{"name":"(anonymous_6)","decl":{"start":{"line":47,"column":41},"end":{"line":47,"column":42}},"loc":{"start":{"line":47,"column":50},"end":{"line":51,"column":5}}}},"branchMap":{"0":{"loc":{"start":{"line":21,"column":6},"end":{"line":21,"column":59}},"type":"if","locations":[{"start":{"line":21,"column":6},"end":{"line":21,"column":59}}]},"1":{"loc":{"start":{"line":48,"column":6},"end":{"line":50,"column":null}},"type":"if","locations":[{"start":{"line":48,"column":6},"end":{"line":50,"column":null}}]}},"s":{"0":1,"1":1,"2":1,"3":0,"4":0,"5":0,"6":0,"7":0,"8":0,"9":0,"10":0,"11":0,"12":0,"13":0,"14":0,"15":0,"16":0,"17":0,"18":0,"19":0,"20":0,"21":0,"22":0,"23":0,"24":1,"25":1},"f":{"0":1,"1":0,"2":0,"3":0,"4":0,"5":0,"6":0},"b":{"0":[0],"1":[0]}}
,"/home/grooby/Projects/docme-sdk/src/classes/DocMeMeasurementV1.ts": {"path":"/home/grooby/Projects/docme-sdk/src/classes/DocMeMeasurementV1.ts","statementMap":{"0":{"start":{"line":1,"column":0},"end":{"line":1,"column":32}},"1":{"start":{"line":2,"column":0},"end":{"line":2,"column":33}},"2":{"start":{"line":3,"column":0},"end":{"line":3,"column":37}},"3":{"start":{"line":4,"column":0},"end":{"line":4,"column":59}},"4":{"start":{"line":5,"column":0},"end":{"line":5,"column":49}},"5":{"start":{"line":6,"column":0},"end":{"line":6,"column":29}},"6":{"start":{"line":7,"column":0},"end":{"line":7,"column":48}},"7":{"start":{"line":12,"column":0},"end":{"line":12,"column":13}},"8":{"start":{"line":16,"column":12},"end":{"line":16,"column":31}},"9":{"start":{"line":39,"column":9},"end":{"line":68,"column":4}},"10":{"start":{"line":39,"column":22},"end":{"line":68,"column":4}},"11":{"start":{"line":40,"column":4},"end":{"line":41,"column":74}},"12":{"start":{"line":41,"column":6},"end":{"line":41,"column":74}},"13":{"start":{"line":42,"column":4},"end":{"line":45,"column":8}},"14":{"start":{"line":43,"column":6},"end":{"line":45,"column":8}},"15":{"start":{"line":46,"column":4},"end":{"line":47,"column":53}},"16":{"start":{"line":47,"column":6},"end":{"line":47,"column":53}},"17":{"start":{"line":49,"column":10},"end":{"line":49,"column":68}},"18":{"start":{"line":50,"column":4},"end":{"line":67,"column":6}},"19":{"start":{"line":51,"column":6},"end":{"line":63,"column":null}},"20":{"start":{"line":52,"column":51},"end":{"line":54,"column":null}},"21":{"start":{"line":54,"column":21},"end":{"line":54,"column":30}},"22":{"start":{"line":52,"column":14},"end":{"line":54,"column":null}},"23":{"start":{"line":56,"column":8},"end":{"line":58,"column":null}},"24":{"start":{"line":57,"column":10},"end":{"line":57,"column":56}},"25":{"start":{"line":60,"column":8},"end":{"line":60,"column":34}},"26":{"start":{"line":61,"column":8},"end":{"line":61,"column":67}},"27":{"start":{"line":61,"column":39},"end":{"line":61,"column":67}},"28":{"start":{"line":62,"column":8},"end":{"line":62,"column":20}},"29":{"start":{"line":70,"column":10},"end":{"line":104,"column":4}},"30":{"start":{"line":71,"column":24},"end":{"line":104,"column":4}},"31":{"start":{"line":73,"column":10},"end":{"line":77,"column":6}},"32":{"start":{"line":79,"column":10},"end":{"line":79,"column":59}},"33":{"start":{"line":81,"column":8},"end":{"line":81,"column":9}},"34":{"start":{"line":82,"column":12},"end":{"line":82,"column":38}},"35":{"start":{"line":83,"column":6},"end":{"line":83,"column":46}},"36":{"start":{"line":85,"column":23},"end":{"line":89,"column":null}},"37":{"start":{"line":85,"column":12},"end":{"line":89,"column":null}},"38":{"start":{"line":91,"column":13},"end":{"line":91,"column":35}},"39":{"start":{"line":91,"column":6},"end":{"line":91,"column":35}},"40":{"start":{"line":93,"column":23},"end":{"line":97,"column":null}},"41":{"start":{"line":93,"column":12},"end":{"line":97,"column":null}},"42":{"start":{"line":98,"column":6},"end":{"line":102,"column":null}},"43":{"start":{"line":99,"column":8},"end":{"line":99,"column":24}},"44":{"start":{"line":101,"column":8},"end":{"line":101,"column":49}},"45":{"start":{"line":106,"column":17},"end":{"line":130,"column":null}},"46":{"start":{"line":109,"column":17},"end":{"line":130,"column":null}},"47":{"start":{"line":111,"column":10},"end":{"line":111,"column":44}},"48":{"start":{"line":112,"column":4},"end":{"line":112,"column":24}},"49":{"start":{"line":112,"column":24},"end":{"line":112,"column":null}},"50":{"start":{"line":115,"column":20},"end":{"line":115,"column":63}},"51":{"start":{"line":112,"column":4},"end":{"line":116,"column":7}},"52":{"start":{"line":118,"column":21},"end":{"line":125,"column":null}},"53":{"start":{"line":118,"column":10},"end":{"line":125,"column":null}},"54":{"start":{"line":126,"column":17},"end":{"line":126,"column":null}},"55":{"start":{"line":126,"column":10},"end":{"line":126,"column":null}},"56":{"start":{"line":127,"column":4},"end":{"line":129,"column":43}},"57":{"start":{"line":132,"column":16},"end":{"line":154,"column":null}},"58":{"start":{"line":132,"column":70},"end":{"line":154,"column":null}},"59":{"start":{"line":133,"column":4},"end":{"line":135,"column":null}},"60":{"start":{"line":134,"column":6},"end":{"line":134,"column":61}},"61":{"start":{"line":136,"column":4},"end":{"line":138,"column":null}},"62":{"start":{"line":137,"column":6},"end":{"line":137,"column":63}},"63":{"start":{"line":140,"column":6},"end":{"line":141,"column":null}},"64":{"start":{"line":140,"column":6},"end":{"line":140,"column":7}},"65":{"start":{"line":142,"column":7},"end":{"line":142,"column":36}},"66":{"start":{"line":142,"column":6},"end":{"line":142,"column":null}},"67":{"start":{"line":139,"column":4},"end":{"line":147,"column":null}},"68":{"start":{"line":144,"column":6},"end":{"line":146,"column":8}},"69":{"start":{"line":148,"column":10},"end":{"line":148,"column":46}},"70":{"start":{"line":149,"column":4},"end":{"line":149,"column":27}},"71":{"start":{"line":150,"column":16},"end":{"line":150,"column":null}},"72":{"start":{"line":150,"column":10},"end":{"line":150,"column":null}},"73":{"start":{"line":151,"column":4},"end":{"line":151,"column":25}},"74":{"start":{"line":152,"column":4},"end":{"line":152,"column":33}},"75":{"start":{"line":153,"column":4},"end":{"line":153,"column":20}},"76":{"start":{"line":155,"column":0},"end":{"line":155,"column":null}},"77":{"start":{"line":12,"column":13},"end":{"line":12,"column":31}}},"fnMap":{"0":{"name":"(anonymous_0)","decl":{"start":{"line":12,"column":0},"end":{"line":12,"column":13}},"loc":{"start":{"line":12,"column":0},"end":{"line":12,"column":13}}},"1":{"name":"(anonymous_2)","decl":{"start":{"line":39,"column":22},"end":{"line":39,"column":null}},"loc":{"start":{"line":39,"column":22},"end":{"line":68,"column":4}}},"2":{"name":"(anonymous_5)","decl":{"start":{"line":51,"column":6},"end":{"line":51,"column":null}},"loc":{"start":{"line":51,"column":6},"end":{"line":63,"column":null}}},"3":{"name":"(anonymous_8)","decl":{"start":{"line":54,"column":16},"end":{"line":54,"column":17}},"loc":{"start":{"line":54,"column":17},"end":{"line":54,"column":22}}},"4":{"name":"(anonymous_9)","decl":{"start":{"line":70,"column":39},"end":{"line":70,"column":null}},"loc":{"start":{"line":71,"column":24},"end":{"line":104,"column":4}}},"5":{"name":"(anonymous_10)","decl":{"start":{"line":71,"column":24},"end":{"line":71,"column":null}},"loc":{"start":{"line":71,"column":24},"end":{"line":104,"column":4}}},"6":{"name":"(anonymous_12)","decl":{"start":{"line":106,"column":35},"end":{"line":106,"column":null}},"loc":{"start":{"line":109,"column":17},"end":{"line":130,"column":null}}},"7":{"name":"(anonymous_13)","decl":{"start":{"line":109,"column":17},"end":{"line":109,"column":null}},"loc":{"start":{"line":109,"column":17},"end":{"line":130,"column":null}}},"8":{"name":"(anonymous_15)","decl":{"start":{"line":132,"column":28},"end":{"line":132,"column":35}},"loc":{"start":{"line":132,"column":70},"end":{"line":154,"column":null}}},"9":{"name":"(anonymous_16)","decl":{"start":{"line":132,"column":70},"end":{"line":132,"column":null}},"loc":{"start":{"line":132,"column":70},"end":{"line":154,"column":null}}}},"branchMap":{"0":{"loc":{"start":{"line":40,"column":4},"end":{"line":41,"column":74}},"type":"if","locations":[{"start":{"line":40,"column":4},"end":{"line":41,"column":74}}]},"1":{"loc":{"start":{"line":40,"column":8},"end":{"line":40,"column":49}},"type":"binary-expr","locations":[{"start":{"line":40,"column":8},"end":{"line":40,"column":20}},{"start":{"line":40,"column":24},"end":{"line":40,"column":49}}]},"2":{"loc":{"start":{"line":42,"column":4},"end":{"line":45,"column":8}},"type":"if","locations":[{"start":{"line":42,"column":4},"end":{"line":45,"column":8}}]},"3":{"loc":{"start":{"line":46,"column":4},"end":{"line":47,"column":53}},"type":"if","locations":[{"start":{"line":46,"column":4},"end":{"line":47,"column":53}}]},"4":{"loc":{"start":{"line":46,"column":8},"end":{"line":46,"column":32}},"type":"binary-expr","locations":[{"start":{"line":46,"column":8},"end":{"line":46,"column":16}},{"start":{"line":46,"column":20},"end":{"line":46,"column":32}}]},"5":{"loc":{"start":{"line":52,"column":51},"end":{"line":54,"column":null}},"type":"switch","locations":[{"start":{"line":52,"column":51},"end":{"line":54,"column":null}}]},"6":{"loc":{"start":{"line":56,"column":8},"end":{"line":58,"column":null}},"type":"if","locations":[{"start":{"line":56,"column":8},"end":{"line":58,"column":null}}]},"7":{"loc":{"start":{"line":61,"column":8},"end":{"line":61,"column":67}},"type":"if","locations":[{"start":{"line":61,"column":8},"end":{"line":61,"column":67}}]},"8":{"loc":{"start":{"line":91,"column":6},"end":{"line":91,"column":35}},"type":"switch","locations":[{"start":{"line":91,"column":6},"end":{"line":91,"column":35}},{"start":{"line":93,"column":23},"end":{"line":97,"column":null}}]},"9":{"loc":{"start":{"line":81,"column":8},"end":{"line":81,"column":9}},"type":"if","locations":[{"start":{"line":81,"column":8},"end":{"line":81,"column":9}}]},"10":{"loc":{"start":{"line":98,"column":6},"end":{"line":102,"column":null}},"type":"if","locations":[{"start":{"line":98,"column":6},"end":{"line":102,"column":null}},{"start":{"line":100,"column":13},"end":{"line":102,"column":null}}]},"11":{"loc":{"start":{"line":115,"column":19},"end":{"line":115,"column":69}},"type":"cond-expr","locations":[{"start":{"line":115,"column":63},"end":{"line":115,"column":65}},{"start":{"line":115,"column":63},"end":{"line":115,"column":69}}]},"12":{"loc":{"start":{"line":115,"column":19},"end":{"line":115,"column":65}},"type":"binary-expr","locations":[{"start":{"line":115,"column":19},"end":{"line":115,"column":65}},{"start":{"line":115,"column":63},"end":{"line":115,"column":65}}]},"13":{"loc":{"start":{"line":133,"column":4},"end":{"line":135,"column":null}},"type":"if","locations":[{"start":{"line":133,"column":4},"end":{"line":135,"column":null}}]},"14":{"loc":{"start":{"line":133,"column":8},"end":{"line":133,"column":44}},"type":"binary-expr","locations":[{"start":{"line":133,"column":8},"end":{"line":133,"column":16}},{"start":{"line":133,"column":20},"end":{"line":133,"column":44}}]},"15":{"loc":{"start":{"line":136,"column":4},"end":{"line":138,"column":null}},"type":"if","locations":[{"start":{"line":136,"column":4},"end":{"line":138,"column":null}}]},"16":{"loc":{"start":{"line":136,"column":8},"end":{"line":136,"column":45}},"type":"binary-expr","locations":[{"start":{"line":136,"column":8},"end":{"line":136,"column":15}},{"start":{"line":136,"column":19},"end":{"line":136,"column":45}}]},"17":{"loc":{"start":{"line":140,"column":6},"end":{"line":141,"column":27}},"type":"binary-expr","locations":[{"start":{"line":140,"column":6},"end":{"line":140,"column":14}},{"start":{"line":141,"column":6},"end":{"line":141,"column":27}}]},"18":{"loc":{"start":{"line":140,"column":6},"end":{"line":140,"column":7}},"type":"if","locations":[{"start":{"line":140,"column":6},"end":{"line":140,"column":7}}]},"19":{"loc":{"start":{"line":139,"column":4},"end":{"line":147,"column":null}},"type":"if","locations":[{"start":{"line":139,"column":4},"end":{"line":147,"column":null}}]}},"s":{"0":3,"1":3,"2":3,"3":3,"4":3,"5":3,"6":3,"7":13,"8":10,"9":10,"10":4,"11":4,"12":1,"13":3,"14":1,"15":2,"16":1,"17":1,"18":1,"19":3,"20":3,"21":3,"22":3,"23":3,"24":2,"25":1,"26":1,"27":1,"28":1,"29":10,"30":10,"31":10,"32":10,"33":13,"34":7,"35":7,"36":7,"37":7,"38":7,"39":7,"40":3,"41":3,"42":3,"43":2,"44":1,"45":3,"46":3,"47":3,"48":3,"49":3,"50":3,"51":3,"52":3,"53":3,"54":3,"55":3,"56":3,"57":3,"58":13,"59":13,"60":1,"61":12,"62":1,"63":11,"64":14,"65":8,"66":8,"67":11,"68":1,"69":10,"70":10,"71":10,"72":10,"73":9,"74":9,"75":9,"76":3,"77":3},"f":{"0":13,"1":8,"2":6,"3":3,"4":10,"5":10,"6":3,"7":3,"8":13,"9":13},"b":{"0":[1],"1":[4,4],"2":[1],"3":[1],"4":[2,1],"5":[3],"6":[2],"7":[1],"8":[7,3],"9":[3],"10":[2,1],"11":[2,1],"12":[3,3],"13":[1],"14":[13,9],"15":[1],"16":[12,4],"17":[11,8],"18":[3],"19":[1]}}
,"/home/grooby/Projects/docme-sdk/src/classes/DocMeV1.ts": {"path":"/home/grooby/Projects/docme-sdk/src/classes/DocMeV1.ts","statementMap":{"0":{"start":{"line":1,"column":0},"end":{"line":1,"column":62}},"1":{"start":{"line":2,"column":0},"end":{"line":2,"column":58}},"2":{"start":{"line":4,"column":0},"end":{"line":4,"column":13}},"3":{"start":{"line":51,"column":2},"end":{"line":51,"column":14}},"4":{"start":{"line":21,"column":9},"end":{"line":34,"column":4}},"5":{"start":{"line":23,"column":4},"end":{"line":23,"column":null}},"6":{"start":{"line":25,"column":24},"end":{"line":25,"column":null}},"7":{"start":{"line":25,"column":10},"end":{"line":25,"column":null}},"8":{"start":{"line":27,"column":4},"end":{"line":27,"column":40}},"9":{"start":{"line":29,"column":4},"end":{"line":31,"column":null}},"10":{"start":{"line":30,"column":6},"end":{"line":30,"column":25}},"11":{"start":{"line":32,"column":4},"end":{"line":32,"column":35}},"12":{"start":{"line":33,"column":4},"end":{"line":33,"column":23}},"13":{"start":{"line":36,"column":9},"end":{"line":45,"column":4}},"14":{"start":{"line":40,"column":4},"end":{"line":44,"column":6}},"15":{"start":{"line":52,"column":4},"end":{"line":52,"column":23}},"16":{"start":{"line":53,"column":4},"end":{"line":53,"column":27}},"17":{"start":{"line":55,"column":0},"end":{"line":55,"column":null}},"18":{"start":{"line":4,"column":13},"end":{"line":4,"column":20}}},"fnMap":{"0":{"name":"(anonymous_0)","decl":{"start":{"line":4,"column":0},"end":{"line":4,"column":13}},"loc":{"start":{"line":4,"column":0},"end":{"line":55,"column":null}}},"1":{"name":"DocMeV1","decl":{"start":{"line":51,"column":2},"end":{"line":51,"column":14}},"loc":{"start":{"line":51,"column":27},"end":{"line":54,"column":3}}},"2":{"name":"(anonymous_2)","decl":{"start":{"line":21,"column":28},"end":{"line":21,"column":null}},"loc":{"start":{"line":23,"column":29},"end":{"line":34,"column":4}}},"3":{"name":"(anonymous_5)","decl":{"start":{"line":36,"column":34},"end":{"line":36,"column":null}},"loc":{"start":{"line":38,"column":31},"end":{"line":45,"column":3}}}},"branchMap":{"0":{"loc":{"start":{"line":23,"column":4},"end":{"line":23,"column":null}},"type":"if","locations":[{"start":{"line":23,"column":4},"end":{"line":23,"column":null}}]},"1":{"loc":{"start":{"line":25,"column":24},"end":{"line":25,"column":null}},"type":"switch","locations":[{"start":{"line":25,"column":24},"end":{"line":25,"column":null}}]},"2":{"loc":{"start":{"line":29,"column":4},"end":{"line":31,"column":null}},"type":"if","locations":[{"start":{"line":29,"column":4},"end":{"line":31,"column":null}}]}},"s":{"0":1,"1":1,"2":1,"3":1,"4":1,"5":0,"6":0,"7":0,"8":0,"9":0,"10":0,"11":0,"12":0,"13":1,"14":0,"15":1,"16":1,"17":1,"18":1},"f":{"0":1,"1":1,"2":0,"3":0},"b":{"0":[0],"1":[0],"2":[0]}}
,"/home/grooby/Projects/docme-sdk/src/helpers/createBlobFromStream.ts": {"path":"/home/grooby/Projects/docme-sdk/src/helpers/createBlobFromStream.ts","statementMap":{"0":{"start":{"line":1,"column":0},"end":{"line":1,"column":39}},"1":{"start":{"line":3,"column":36},"end":{"line":7,"column":6}},"2":{"start":{"line":7,"column":2},"end":{"line":26,"column":5}},"3":{"start":{"line":8,"column":4},"end":{"line":10,"column":null}},"4":{"start":{"line":9,"column":6},"end":{"line":9,"column":68}},"5":{"start":{"line":12,"column":4},"end":{"line":25,"column":null}},"6":{"start":{"line":13,"column":36},"end":{"line":13,"column":70}},"7":{"start":{"line":14,"column":6},"end":{"line":14,"column":36}},"8":{"start":{"line":16,"column":6},"end":{"line":18,"column":22}},"9":{"start":{"line":17,"column":8},"end":{"line":17,"column":37}},"10":{"start":{"line":20,"column":6},"end":{"line":22,"column":8}},"11":{"start":{"line":21,"column":8},"end":{"line":21,"column":24}},"12":{"start":{"line":24,"column":6},"end":{"line":24,"column":16}},"13":{"start":{"line":3,"column":13},"end":{"line":3,"column":36}}},"fnMap":{"0":{"name":"(anonymous_0)","decl":{"start":{"line":3,"column":36},"end":{"line":3,"column":null}},"loc":{"start":{"line":5,"column":21},"end":{"line":7,"column":6}}},"1":{"name":"(anonymous_1)","decl":{"start":{"line":7,"column":14},"end":{"line":7,"column":15}},"loc":{"start":{"line":7,"column":30},"end":{"line":26,"column":3}}},"2":{"name":"(anonymous_2)","decl":{"start":{"line":16,"column":17},"end":{"line":16,"column":null}},"loc":{"start":{"line":16,"column":17},"end":{"line":18,"column":7}}},"3":{"name":"(anonymous_3)","decl":{"start":{"line":20,"column":46},"end":{"line":20,"column":55}},"loc":{"start":{"line":20,"column":56},"end":{"line":22,"column":7}}}},"branchMap":{"0":{"loc":{"start":{"line":8,"column":4},"end":{"line":10,"column":null}},"type":"if","locations":[{"start":{"line":8,"column":4},"end":{"line":10,"column":null}}]},"1":{"loc":{"start":{"line":8,"column":8},"end":{"line":8,"column":33}},"type":"binary-expr","locations":[{"start":{"line":8,"column":8},"end":{"line":8,"column":15}},{"start":{"line":8,"column":19},"end":{"line":8,"column":33}}]}},"s":{"0":2,"1":2,"2":3,"3":3,"4":1,"5":2,"6":2,"7":2,"8":1,"9":1,"10":1,"11":1,"12":1,"13":2},"f":{"0":3,"1":3,"2":1,"3":1},"b":{"0":[1],"1":[3,3]}}
,"/home/grooby/Projects/docme-sdk/src/helpers/getApiUri.ts": {"path":"/home/grooby/Projects/docme-sdk/src/helpers/getApiUri.ts","statementMap":{"0":{"start":{"line":1,"column":0},"end":{"line":1,"column":65}},"1":{"start":{"line":2,"column":0},"end":{"line":2,"column":31}},"2":{"start":{"line":7,"column":2},"end":{"line":7,"column":null}},"3":{"start":{"line":9,"column":2},"end":{"line":11,"column":null}},"4":{"start":{"line":10,"column":4},"end":{"line":10,"column":54}},"5":{"start":{"line":12,"column":2},"end":{"line":14,"column":null}},"6":{"start":{"line":13,"column":4},"end":{"line":13,"column":47}},"7":{"start":{"line":15,"column":2},"end":{"line":17,"column":null}},"8":{"start":{"line":16,"column":4},"end":{"line":16,"column":60}},"9":{"start":{"line":18,"column":2},"end":{"line":18,"column":48}},"10":{"start":{"line":4,"column":0},"end":{"line":4,"column":16}}},"fnMap":{"0":{"name":"getApiUri","decl":{"start":{"line":4,"column":16},"end":{"line":4,"column":25}},"loc":{"start":{"line":7,"column":21},"end":{"line":19,"column":1}}}},"branchMap":{"0":{"loc":{"start":{"line":7,"column":2},"end":{"line":7,"column":null}},"type":"if","locations":[{"start":{"line":7,"column":2},"end":{"line":7,"column":null}}]},"1":{"loc":{"start":{"line":9,"column":2},"end":{"line":11,"column":null}},"type":"if","locations":[{"start":{"line":9,"column":2},"end":{"line":11,"column":null}}]},"2":{"loc":{"start":{"line":12,"column":2},"end":{"line":14,"column":null}},"type":"if","locations":[{"start":{"line":12,"column":2},"end":{"line":14,"column":null}}]},"3":{"loc":{"start":{"line":15,"column":2},"end":{"line":17,"column":null}},"type":"if","locations":[{"start":{"line":15,"column":2},"end":{"line":17,"column":null}}]}},"s":{"0":4,"1":4,"2":22,"3":17,"4":2,"5":15,"6":2,"7":13,"8":12,"9":1,"10":4},"f":{"0":17},"b":{"0":[5],"1":[2],"2":[2],"3":[12]}}
}
