TN:
SF:src/constants.ts
FNF:0
FNH:0
DA:1,5
DA:2,5
DA:4,5
DA:7,5
LF:4
LH:4
BRF:0
BRH:0
end_of_record
TN:
SF:src/index.ts
FN:2,(anonymous_0)
FN:9,default_1
FNF:2
FNH:2
FNDA:1,(anonymous_0)
FNDA:4,default_1
DA:1,1
DA:2,2
DA:9,1
DA:10,4
DA:11,1
DA:13,3
DA:14,2
DA:16,1
LF:8
LH:8
BRDA:10,0,0,1
BRDA:13,1,0,2
BRF:2
BRH:2
end_of_record
TN:
SF:src/@types/DocMeV1.d.ts
FNF:0
FNH:0
LF:0
LH:0
BRF:0
BRH:0
end_of_record
TN:
SF:src/classes/DocMeLiveMeasurement.ts
FN:4,(anonymous_0)
FN:30,DocMeLiveMeasurement
FN:14,(anonymous_2)
FN:15,(anonymous_3)
FN:19,(anonymous_4)
FN:25,(anonymous_5)
FN:47,(anonymous_6)
FNF:7
FNH:1
FNDA:1,(anonymous_0)
FNDA:0,DocMeLiveMeasurement
FNDA:0,(anonymous_2)
FNDA:0,(anonymous_3)
FNDA:0,(anonymous_4)
FNDA:0,(anonymous_5)
FNDA:0,(anonymous_6)
DA:1,1
DA:2,1
DA:4,1
DA:14,0
DA:15,0
DA:16,0
DA:19,0
DA:20,0
DA:21,0
DA:25,0
DA:26,0
DA:27,0
DA:30,0
DA:31,0
DA:32,0
DA:34,0
DA:38,0
DA:40,0
DA:45,0
DA:47,0
DA:48,0
DA:49,0
DA:53,1
LF:23
LH:4
BRDA:21,0,0,0
BRDA:48,1,0,0
BRF:2
BRH:0
end_of_record
TN:
SF:src/classes/DocMeMeasurementV1.ts
FN:12,(anonymous_0)
FN:39,(anonymous_2)
FN:51,(anonymous_5)
FN:54,(anonymous_8)
FN:70,(anonymous_9)
FN:71,(anonymous_10)
FN:106,(anonymous_12)
FN:109,(anonymous_13)
FN:132,(anonymous_15)
FN:132,(anonymous_16)
FNF:10
FNH:10
FNDA:13,(anonymous_0)
FNDA:8,(anonymous_2)
FNDA:6,(anonymous_5)
FNDA:3,(anonymous_8)
FNDA:10,(anonymous_9)
FNDA:10,(anonymous_10)
FNDA:3,(anonymous_12)
FNDA:3,(anonymous_13)
FNDA:13,(anonymous_15)
FNDA:13,(anonymous_16)
DA:1,3
DA:2,3
DA:3,3
DA:4,3
DA:5,3
DA:6,3
DA:7,3
DA:12,13
DA:16,10
DA:39,10
DA:40,4
DA:41,1
DA:42,3
DA:43,1
DA:46,2
DA:47,1
DA:49,1
DA:50,1
DA:51,3
DA:52,3
DA:54,3
DA:56,3
DA:57,2
DA:60,1
DA:61,1
DA:62,1
DA:70,10
DA:71,10
DA:73,10
DA:79,10
DA:81,13
DA:82,7
DA:83,7
DA:85,7
DA:91,7
DA:93,3
DA:98,3
DA:99,2
DA:101,1
DA:106,3
DA:109,3
DA:111,3
DA:112,3
DA:115,3
DA:118,3
DA:126,3
DA:127,3
DA:132,13
DA:133,13
DA:134,1
DA:136,12
DA:137,1
DA:139,11
DA:140,14
DA:142,8
DA:144,1
DA:148,10
DA:149,10
DA:150,10
DA:151,9
DA:152,9
DA:153,9
DA:155,3
LF:63
LH:63
BRDA:40,0,0,1
BRDA:40,1,0,4
BRDA:40,1,1,4
BRDA:42,2,0,1
BRDA:46,3,0,1
BRDA:46,4,0,2
BRDA:46,4,1,1
BRDA:52,5,0,3
BRDA:56,6,0,2
BRDA:61,7,0,1
BRDA:91,8,0,7
BRDA:91,8,1,3
BRDA:81,9,0,3
BRDA:98,10,0,2
BRDA:98,10,1,1
BRDA:115,11,0,2
BRDA:115,11,1,1
BRDA:115,12,0,3
BRDA:115,12,1,3
BRDA:133,13,0,1
BRDA:133,14,0,13
BRDA:133,14,1,9
BRDA:136,15,0,1
BRDA:136,16,0,12
BRDA:136,16,1,4
BRDA:140,17,0,11
BRDA:140,17,1,8
BRDA:140,18,0,3
BRDA:139,19,0,1
BRF:29
BRH:29
end_of_record
TN:
SF:src/classes/DocMeV1.ts
FN:4,(anonymous_0)
FN:51,DocMeV1
FN:21,(anonymous_2)
FN:36,(anonymous_5)
FNF:4
FNH:2
FNDA:1,(anonymous_0)
FNDA:1,DocMeV1
FNDA:0,(anonymous_2)
FNDA:0,(anonymous_5)
DA:1,1
DA:2,1
DA:4,1
DA:21,1
DA:23,0
DA:25,0
DA:27,0
DA:29,0
DA:30,0
DA:32,0
DA:33,0
DA:36,1
DA:40,0
DA:51,1
DA:52,1
DA:53,1
DA:55,1
LF:17
LH:9
BRDA:23,0,0,0
BRDA:25,1,0,0
BRDA:29,2,0,0
BRF:3
BRH:0
end_of_record
TN:
SF:src/helpers/createBlobFromStream.ts
FN:3,(anonymous_0)
FN:7,(anonymous_1)
FN:16,(anonymous_2)
FN:20,(anonymous_3)
FNF:4
FNH:4
FNDA:3,(anonymous_0)
FNDA:3,(anonymous_1)
FNDA:1,(anonymous_2)
FNDA:1,(anonymous_3)
DA:1,2
DA:3,2
DA:7,3
DA:8,3
DA:9,1
DA:12,2
DA:13,2
DA:14,2
DA:16,1
DA:17,1
DA:20,1
DA:21,1
DA:24,1
LF:13
LH:13
BRDA:8,0,0,1
BRDA:8,1,0,3
BRDA:8,1,1,3
BRF:3
BRH:3
end_of_record
TN:
SF:src/helpers/getApiUri.ts
FN:4,getApiUri
FNF:1
FNH:1
FNDA:17,getApiUri
DA:1,4
DA:2,4
DA:4,4
DA:7,22
DA:9,17
DA:10,2
DA:12,15
DA:13,2
DA:15,13
DA:16,12
DA:18,1
LF:11
LH:11
BRDA:7,0,0,5
BRDA:9,1,0,2
BRDA:12,2,0,2
BRDA:15,3,0,12
BRF:4
BRH:4
end_of_record
